<?xml version="1.0" encoding="UTF-8"?>
<!-- Generated by org.testng.reporters.JUnitReportReporter -->
<testsuite hostname="DESKTOP-NPMAIP3" failures="0" tests="2" name="TestNg.priority_positive" time="0.004" errors="0" timestamp="2023-10-15T15:48:20 IST" skipped="0">
  <testcase classname="TestNg.priority_positive" name="TC2" time="0.002">
    <system-out>
      <![CDATA[running c2]]>
    </system-out>
  </testcase> <!-- TC2 -->
  <testcase classname="TestNg.priority_positive" name="TC1" time="0.002">
    <system-out>
      <![CDATA[running C1]]>
    </system-out>
  </testcase> <!-- TC1 -->
  <system-out>
    <![CDATA[running c2
running C1]]>
  </system-out>
</testsuite> <!-- TestNg.priority_positive -->
