<?xml version="1.0" encoding="UTF-8"?>
<!-- Generated by org.testng.reporters.JUnitReportReporter -->
<testsuite hostname="DESKTOP-NPMAIP3" failures="0" tests="3" name="ABC.TestNg" time="0.218" errors="0" timestamp="2023-10-15T15:14:17 IST" skipped="0">
  <testcase classname="ABC.TestNg" name="TC2" time="0.083"/>
  <testcase classname="ABC.TestNg" name="A" time="0.043"/>
  <testcase classname="ABC.TestNg" name="TC3" time="0.092"/>
</testsuite> <!-- ABC.TestNg -->
