<?xml version="1.0" encoding="UTF-8"?>
<!-- Generated by org.testng.reporters.JUnitReportReporter -->
<testsuite hostname="DESKTOP-NPMAIP3" failures="0" tests="2" name="TestNg.Day" time="0.009" errors="0" timestamp="2023-10-15T16:02:52 IST" skipped="0">
  <testcase classname="TestNg.Day" name="Test" time="0.008"/>
  <testcase classname="TestNg.Day" name="Test1" time="0.001"/>
</testsuite> <!-- TestNg.Day -->
