<?xml version="1.0" encoding="UTF-8"?>
<!-- Generated by org.testng.reporters.JUnitReportReporter -->
<testsuite hostname="DESKTOP-NPMAIP3" failures="0" tests="4" name="TestNg.priority" time="1.676" errors="0" timestamp="2023-10-15T15:48:20 IST" skipped="0">
  <testcase classname="TestNg.priority" name="S" time="1.544"/>
  <testcase classname="TestNg.priority" name="D" time="0.048"/>
  <testcase classname="TestNg.priority" name="C" time="0.050"/>
  <testcase classname="TestNg.priority" name="B" time="0.034"/>
  <system-out>
    <![CDATA[running c2
running C1]]>
  </system-out>
</testsuite> <!-- TestNg.priority -->
