<?xml version="1.0" encoding="UTF-8"?>
<!-- Generated by org.testng.reporters.JUnitReportReporter -->
<testsuite hostname="DESKTOP-NPMAIP3" failures="0" tests="3" name="TestNg.dependentOnMethod" time="0.013" errors="0" timestamp="2023-10-15T15:48:20 IST" skipped="0">
  <testcase classname="TestNg.dependentOnMethod" name="test" time="0.011"/>
  <testcase classname="TestNg.dependentOnMethod" name="Test1" time="0.001"/>
  <testcase classname="TestNg.dependentOnMethod" name="Test2" time="0.001"/>
  <system-out>
    <![CDATA[running c2
running C1]]>
  </system-out>
</testsuite> <!-- TestNg.dependentOnMethod -->
